<?xml version="1.0" encoding="UTF-8"?>
<!-- Generated by org.testng.reporters.JUnitReportReporter -->
<testsuite name="test.tst_002" tests="1" time="12.809" ignored="0" failures="0" timestamp="27 jun 2018 01:36:32 GMT" skipped="0" hostname="Maria-PC" errors="0">
  <testcase name="Test_002" time="12.809" classname="test.tst_002"/>
</testsuite> <!-- test.tst_002 -->
