<?xml version="1.0" encoding="UTF-8"?>
<!-- Generated by org.testng.reporters.JUnitReportReporter -->
<testsuite name="test.tst_004" tests="1" time="12.713" ignored="0" failures="0" timestamp="29 jul 2018 05:09:47 GMT" skipped="0" hostname="Maria-PC" errors="0">
  <testcase name="Test_004" time="12.713" classname="test.tst_004"/>
</testsuite> <!-- test.tst_004 -->
