<?xml version="1.0" encoding="UTF-8"?>
<!-- Generated by org.testng.reporters.JUnitReportReporter -->
<testsuite name="test_Project1.tst_001" tests="1" time="6.277" ignored="0" failures="0" timestamp="04 ago 2018 02:28:56 GMT" skipped="0" hostname="Maria-PC" errors="0">
  <testcase name="Test_001" time="6.277" classname="test_Project1.tst_001"/>
</testsuite> <!-- test_Project1.tst_001 -->
