<?xml version="1.0" encoding="UTF-8"?>
<!-- Generated by org.testng.reporters.JUnitReportReporter -->
<testsuite name="test.tst_005" tests="1" time="11.555" ignored="0" failures="0" timestamp="04 ago 2018 04:03:01 GMT" skipped="0" hostname="Maria-PC" errors="0">
  <testcase name="Test_005" time="11.555" classname="test.tst_005"/>
</testsuite> <!-- test.tst_005 -->
