<?xml version="1.0" encoding="UTF-8"?>
<!-- Generated by org.testng.reporters.JUnitReportReporter -->
<testsuite name="test_Project1.tst_005" tests="1" time="12.215" ignored="0" failures="0" timestamp="04 ago 2018 02:30:32 GMT" skipped="0" hostname="Maria-PC" errors="0">
  <testcase name="Test_005" time="12.215" classname="test_Project1.tst_005"/>
</testsuite> <!-- test_Project1.tst_005 -->
