<?xml version="1.0" encoding="UTF-8"?>
<!-- Generated by org.testng.reporters.JUnitReportReporter -->
<testsuite name="test.tst_002" tests="1" time="13.268" ignored="0" failures="0" timestamp="29 jun 2018 23:05:44 GMT" skipped="0" hostname="Maria-PC" errors="0">
  <testcase name="Test_002" time="13.268" classname="test.tst_002"/>
</testsuite> <!-- test.tst_002 -->
