<?xml version="1.0" encoding="UTF-8"?>
<!-- Generated by org.testng.reporters.JUnitReportReporter -->
<testsuite name="test.tst_003" tests="1" time="5.646" ignored="0" failures="0" timestamp="28 jul 2018 23:21:48 GMT" skipped="0" hostname="Maria-PC" errors="0">
  <testcase name="Test_003" time="5.646" classname="test.tst_003"/>
</testsuite> <!-- test.tst_003 -->
