<?xml version="1.0" encoding="UTF-8"?>
<!-- Generated by org.testng.reporters.JUnitReportReporter -->
<testsuite name="test.tst_003" tests="2" time="11.114" ignored="0" failures="0" timestamp="23 jul 2018 16:34:40 GMT" skipped="0" hostname="Maria-PC" errors="0">
  <testcase name="Test_003" time="5.263" classname="test.tst_003"/>
  <testcase name="Test_003" time="5.851" classname="test.tst_003"/>
</testsuite> <!-- test.tst_003 -->
